[debug] [2021-07-14T02:06:43.605Z] ----------------------------------------------------------------------
[debug] [2021-07-14T02:06:43.607Z] Command:       C:\Program Files\nodejs\node.exe C:\Users\rijan\AppData\Roaming\npm\node_modules\firebase-tools\lib\bin\firebase.js init
[debug] [2021-07-14T02:06:43.607Z] CLI Version:   9.16.0
[debug] [2021-07-14T02:06:43.607Z] Platform:      win32
[debug] [2021-07-14T02:06:43.608Z] Node Version:  v14.17.3
[debug] [2021-07-14T02:06:43.608Z] Time:          Wed Jul 14 2021 07:51:43 GMT+0545 (Nepal Time)
[debug] [2021-07-14T02:06:43.608Z] ----------------------------------------------------------------------
[debug] 
[debug] [2021-07-14T02:06:43.616Z] > command requires scopes: ["email","openid","https://www.googleapis.com/auth/cloudplatformprojects.readonly","https://www.googleapis.com/auth/firebase","https://www.googleapis.com/auth/cloud-platform"]
[debug] [2021-07-14T02:06:43.616Z] > authorizing via signed-in user (rijanghimire96@gmail.com)
[info] 
     ######## #### ########  ######## ########     ###     ######  ########
     ##        ##  ##     ## ##       ##     ##  ##   ##  ##       ##
     ######    ##  ########  ######   ########  #########  ######  ######
     ##        ##  ##    ##  ##       ##     ## ##     ##       ## ##
     ##       #### ##     ## ######## ########  ##     ##  ######  ########

You're about to initialize a Firebase project in this directory:

  C:\IWbootcamp\portfolio site

Before we get started, keep in mind:

  * You are currently outside your home directory

[info] 
=== Project Setup
[info] 
[info] First, let's associate this project directory with a Firebase project.
[info] You can create multiple project aliases by running firebase use --add, 
[info] but for now we'll just set up a default project.
[info] 
[debug] [2021-07-14T02:07:04.426Z] >>> [apiv2][query] GET https://firebase.googleapis.com/v1beta1/projects pageSize=100
[debug] [2021-07-14T02:07:05.537Z] <<< [apiv2][status] GET https://firebase.googleapis.com/v1beta1/projects 200
[debug] [2021-07-14T02:07:05.537Z] <<< [apiv2][body] GET https://firebase.googleapis.com/v1beta1/projects [omitted]
[info] i  Using project portfolio-site-34480 (portfolio site) 
[info] 
=== Hosting:github Setup
[info] 
[info] i  Detected a .git folder at C:\IWbootcamp\portfolio site 
[info] i  Authorizing with GitHub to upload your service account to a GitHub repository's secrets store. 
[info] 
[info] Visit this URL on this device to log in:
[info] https://github.com/login/oauth/authorize?client_id=89cf50f02ac6aaed3484&state=88598132&redirect_uri=http%3A%2F%2Flocalhost%3A9005&scope=read%3Auser%20repo%20public_repo
[info] 
[info] Waiting for authentication...
[debug] [2021-07-14T02:07:33.665Z] >>> HTTP REQUEST POST https://github.com/login/oauth/access_token  
 {"client_id":"89cf50f02ac6aaed3484","client_secret":"3330d14abc895d9a74d5f17cd7a00711fa2c5bf0","code":"ab786a6709e41dec7083","redirect_uri":"http://localhost:9005","state":"88598132"}
[debug] [2021-07-14T02:07:34.248Z] <<< HTTP RESPONSE 200 {"server":"GitHub.com","date":"Wed, 14 Jul 2021 02:07:34 GMT","content-type":"application/json; charset=utf-8","transfer-encoding":"chunked","vary":"X-PJAX, Accept-Encoding, Accept, X-Requested-With","permissions-policy":"interest-cohort=()","etag":"W/\"8e620881de394bb63b4dcace76c41b3a\"","cache-control":"max-age=0, private, must-revalidate","strict-transport-security":"max-age=31536000; includeSubdomains; preload","x-frame-options":"deny","x-content-type-options":"nosniff","x-xss-protection":"0","referrer-policy":"origin-when-cross-origin, strict-origin-when-cross-origin","expect-ct":"max-age=2592000, report-uri=\"https://api.github.com/_private/browser/errors\"","content-security-policy":"default-src 'none'; base-uri 'self'; block-all-mixed-content; connect-src 'self' uploads.github.com www.githubstatus.com collector.githubapp.com api.github.com github-cloud.s3.amazonaws.com github-production-repository-file-5c1aeb.s3.amazonaws.com github-production-upload-manifest-file-7fdce7.s3.amazonaws.com github-production-user-asset-6210df.s3.amazonaws.com cdn.optimizely.com logx.optimizely.com/v1/events translator.github.com wss://alive.github.com; font-src github.githubassets.com; form-action 'self' github.com gist.github.com; frame-ancestors 'none'; frame-src render.githubusercontent.com render-temp.githubusercontent.com viewscreen.githubusercontent.com; img-src 'self' data: github.githubassets.com identicons.github.com collector.githubapp.com github-cloud.s3.amazonaws.com secured-user-images.githubusercontent.com/ *.githubusercontent.com; manifest-src 'self'; media-src 'none'; script-src github.githubassets.com; style-src 'unsafe-inline' github.githubassets.com; worker-src github.com/socket-worker-3f088aa2.js gist.github.com/socket-worker-3f088aa2.js","x-github-request-id":"2FDD:69A7:B545B:D3737:60EE46E5"}
[debug] [2021-07-14T02:07:34.250Z] >>> [apiv2][query] GET https://api.github.com/user [none]
[debug] [2021-07-14T02:07:34.858Z] <<< [apiv2][status] GET https://api.github.com/user 200
[debug] [2021-07-14T02:07:34.859Z] <<< [apiv2][body] GET https://api.github.com/user {"login":"rijan7ghimire","id":55038884,"node_id":"MDQ6VXNlcjU1MDM4ODg0","avatar_url":"https://avatars.githubusercontent.com/u/55038884?v=4","gravatar_id":"","url":"https://api.github.com/users/rijan7ghimire","html_url":"https://github.com/rijan7ghimire","followers_url":"https://api.github.com/users/rijan7ghimire/followers","following_url":"https://api.github.com/users/rijan7ghimire/following{/other_user}","gists_url":"https://api.github.com/users/rijan7ghimire/gists{/gist_id}","starred_url":"https://api.github.com/users/rijan7ghimire/starred{/owner}{/repo}","subscriptions_url":"https://api.github.com/users/rijan7ghimire/subscriptions","organizations_url":"https://api.github.com/users/rijan7ghimire/orgs","repos_url":"https://api.github.com/users/rijan7ghimire/repos","events_url":"https://api.github.com/users/rijan7ghimire/events{/privacy}","received_events_url":"https://api.github.com/users/rijan7ghimire/received_events","type":"User","site_admin":false,"name":null,"company":null,"blog":"","location":"Kadaghari, KTM","email":null,"hireable":null,"bio":"Hey I just started programming nothing interesting here...","twitter_username":null,"public_repos":10,"public_gists":0,"followers":2,"following":1,"created_at":"2019-09-08T01:54:33Z","updated_at":"2021-07-14T02:07:33Z","private_gists":0,"total_private_repos":0,"owned_private_repos":0,"disk_usage":84939,"collaborators":0,"two_factor_authentication":false,"plan":{"name":"free","space":976562499,"collaborators":0,"private_repos":10000}}
[info] 
[info] +  Success! Logged into GitHub as rijan7ghimire 
[info] 
